<?xml version="1.0" encoding="UTF-8"?>
<beans xmlns="http://www.springframework.org/schema/beans"
       xmlns:xsi="http://www.w3.org/2001/XMLSchema-instance"
       xmlns:context="http://www.springframework.org/schema/context"
       xsi:schemaLocation="http://www.springframework.org/schema/beans
                           http://www.springframework.org/schema/beans/spring-beans-3.2.xsd
                           http://www.springframework.org/schema/context
                           http://www.springframework.org/schema/context/spring-context-3.2.xsd">

    <context:annotation-config/>
    <context:component-scan base-package="com.juja"/>

    <bean id="InMemoryDatabaseManager" class="com.juja.sqlcmd_ee.model.InMemoryDatabaseManager"/>

    <bean id="service" class="com.juja.sqlcmd_ee.service.ServiceImpl">
        <lookup-method name="getManager" bean="InMemoryDatabaseManager"/>
    </bean>

</beans>